[2018-04-15] 
- First code drop
- Fix cancel_reason var missing '$' in class_schedule.php

[2018-04-18]
- Local test: changed mysql pro-music.user table; user_type for 'davina'; 2 (manager) --> 3 (owner)

[2018-04-22]
- Auto-logout feature using jquery
- Added jquery-3.3.1.min.js library
- Fixed undefined vars in login.php & banner1.php
- Disabled password auto-fill/complete
- Added "Prev Year" and "Next Year" in class_schedule.php

[2018-04-23]
- Fix typo in teacher_rates_row_entry.php: $costType --> $cost_type

[2018-05-05]
- Fix wrong init in banner.php; do the init in class_scheduler.php instead

[2018-05-06]
- Disabled prev-year and next-year buttons for now
- Fixed $coursename init typo in class_schedule.php

[2018-05-08]
- Enabled prev-year and next-year buttons
    - enabled on-click action to be searchclasses
- Added blinking messages
- Fixed main.css format/syntax errors

[2018-05-11]
course_details.php:
- Fixed undefined vars
- Skip querying DB if parameters are null
course_details_form.php:
- Fixed typo $teacherLIst --> $teacherList
- Fixed undefined $j in "<?php echo $j; ?>"

[2018-05-20]
- Enhance & fix getPrev and getNext year in class_schedule &  student_name_search
- Set "no-store, must-revalidate" caching policy in php header in class_schedule

[2018-05-21]
- Added "Student Profile" buttion in class schedule
- Minor comments cleanup

[2018-05-23]
- Fix $teacherLIst
- Fix undefined ext_rate$j
- Add SQL query null parameters checks

[2018-05-29]
Fixed add_classes.php:
1. Bug#0005 (SQL syntax error due to missing null string checks)
2. undefined $ext_rate
3. undefined/uninitialized vars

[2018-10-14]
- Added new user type '3' for owner
(1=normal user (employee); 2= manager; 3=admin/owner; 4=unchanged; 999=unchanged)
- Added user_manager_check.php to check for manager user type
- Block access from normal user to these pages:
  - user_admin.php
  - teacher_rates.php
  - teacher_payments.php
  - teacher_payroll.php
  - teacher_group_lessons.php

